{
  "RSpec": {
    "coverage": {
      "/Users/rosekohn/turing/module-2/earmarked/app/helpers/application_helper.rb": [
        1,
        null
      ],
      "/Users/rosekohn/turing/module-2/earmarked/app/helpers/orders_helper.rb": [
        1,
        null
      ],
      "/Users/rosekohn/turing/module-2/earmarked/app/controllers/orders_controller.rb": [
        1,
        null
      ],
      "/Users/rosekohn/turing/module-2/earmarked/app/controllers/application_controller.rb": [
        1,
        null,
        null,
        1,
        null,
        1,
        null,
        1,
        85,
        null,
        null,
        1,
        1,
        28,
        null,
        null
      ],
      "/Users/rosekohn/turing/module-2/earmarked/app/models/candidate_issue.rb": [
        1,
        1,
        1,
        null,
        1,
        1,
        null
      ],
      "/Users/rosekohn/turing/module-2/earmarked/app/models/candidate.rb": [
        1,
        1,
        1,
        1,
        null
      ],
      "/Users/rosekohn/turing/module-2/earmarked/app/models/donation.rb": [
        1,
        1,
        1,
        null,
        1,
        1,
        null
      ],
      "/Users/rosekohn/turing/module-2/earmarked/app/models/issue.rb": [
        1,
        1,
        1,
        1,
        null
      ],
      "/Users/rosekohn/turing/module-2/earmarked/app/models/order.rb": [
        1,
        null
      ],
      "/Users/rosekohn/turing/module-2/earmarked/app/models/user.rb": [
        1,
        1,
        null,
        1,
        1,
        1,
        1,
        1,
        null
      ],
      "/Users/rosekohn/turing/module-2/earmarked/app/controllers/welcome_controller.rb": [
        1,
        1,
        14,
        14,
        null,
        null
      ],
      "/Users/rosekohn/turing/module-2/earmarked/app/controllers/cart_controller.rb": [
        1,
        null,
        1,
        7,
        null,
        null,
        1,
        1,
        1,
        null,
        null
      ],
      "/Users/rosekohn/turing/module-2/earmarked/app/models/cart.rb": [
        1,
        1,
        null,
        1,
        28,
        null,
        null,
        1,
        13,
        12,
        16,
        null,
        null,
        null,
        null,
        1,
        8,
        8,
        null,
        8,
        0,
        null,
        8,
        null,
        null,
        8,
        null,
        null,
        1,
        14,
        null,
        null,
        1,
        1,
        null,
        null
      ],
      "/Users/rosekohn/turing/module-2/earmarked/app/controllers/candidates_controller.rb": [
        1,
        1,
        4,
        4,
        null,
        null,
        1,
        8,
        null,
        null
      ],
      "/Users/rosekohn/turing/module-2/earmarked/app/controllers/donations_controller.rb": [
        1,
        null,
        1,
        8,
        2,
        null,
        6,
        null,
        8,
        8,
        null,
        null,
        1,
        0,
        null,
        null,
        1,
        null,
        1,
        8,
        2,
        null,
        6,
        null,
        null,
        null,
        1,
        10,
        null,
        null,
        1,
        6,
        null,
        null
      ],
      "/Users/rosekohn/turing/module-2/earmarked/app/controllers/issues_controller.rb": [
        1,
        1,
        4,
        null,
        null,
        1,
        14,
        null,
        null
      ],
      "/Users/rosekohn/turing/module-2/earmarked/app/controllers/users_controller.rb": [
        1,
        null,
        1,
        3,
        null,
        null,
        1,
        2,
        2,
        1,
        1,
        null,
        1,
        1,
        null,
        null,
        null,
        1,
        9,
        null,
        null,
        1,
        null,
        1,
        2,
        null,
        null,
        null
      ],
      "/Users/rosekohn/turing/module-2/earmarked/app/controllers/sessions_controller.rb": [
        1,
        1,
        null,
        null,
        1,
        6,
        6,
        5,
        5,
        null,
        1,
        1,
        null,
        null,
        null,
        1,
        1,
        1,
        null,
        null
      ]
    },
    "timestamp": 1443316737
  }
}
